<?xml version="1.0" encoding="UTF-8"?>
<coverage generated="1708529661768" clover="3.2.0">
  <project timestamp="1708529661768" name="All files">
    <metrics statements="96" coveredstatements="88" conditionals="39" coveredconditionals="33" methods="37" coveredmethods="34" elements="172" coveredelements="155" complexity="0" loc="96" ncloc="96" packages="10" files="10" classes="10"/>
    <package name="components.BeerCard">
      <metrics statements="3" coveredstatements="3" conditionals="2" coveredconditionals="2" methods="2" coveredmethods="2"/>
      <file name="index.tsx" path="/home/joao/Desktop/Desafio/Garupa/barbrew/src/components/BeerCard/index.tsx">
        <metrics statements="3" coveredstatements="3" conditionals="2" coveredconditionals="2" methods="2" coveredmethods="2"/>
        <line num="11" count="39" type="stmt"/>
        <line num="14" count="1" type="stmt"/>
        <line num="19" count="39" type="stmt"/>
      </file>
    </package>
    <package name="components.EmptyList">
      <metrics statements="1" coveredstatements="1" conditionals="0" coveredconditionals="0" methods="1" coveredmethods="1"/>
      <file name="index.tsx" path="/home/joao/Desktop/Desafio/Garupa/barbrew/src/components/EmptyList/index.tsx">
        <metrics statements="1" coveredstatements="1" conditionals="0" coveredconditionals="0" methods="1" coveredmethods="1"/>
        <line num="5" count="2" type="stmt"/>
      </file>
    </package>
    <package name="components.ListBeers">
      <metrics statements="10" coveredstatements="10" conditionals="10" coveredconditionals="10" methods="4" coveredmethods="4"/>
      <file name="index.tsx" path="/home/joao/Desktop/Desafio/Garupa/barbrew/src/components/ListBeers/index.tsx">
        <metrics statements="10" coveredstatements="10" conditionals="10" coveredconditionals="10" methods="4" coveredmethods="4"/>
        <line num="22" count="2" type="stmt"/>
        <line num="27" count="2" type="stmt"/>
        <line num="28" count="13" type="stmt"/>
        <line num="29" count="36" type="stmt"/>
        <line num="32" count="13" type="stmt"/>
        <line num="36" count="43" type="stmt"/>
        <line num="46" count="2" type="cond" truecount="4" falsecount="0"/>
        <line num="47" count="1" type="stmt"/>
        <line num="50" count="1" type="stmt"/>
        <line num="62" count="2" type="stmt"/>
      </file>
    </package>
    <package name="components.Loading">
      <metrics statements="1" coveredstatements="1" conditionals="0" coveredconditionals="0" methods="1" coveredmethods="1"/>
      <file name="index.tsx" path="/home/joao/Desktop/Desafio/Garupa/barbrew/src/components/Loading/index.tsx">
        <metrics statements="1" coveredstatements="1" conditionals="0" coveredconditionals="0" methods="1" coveredmethods="1"/>
        <line num="4" count="1" type="stmt"/>
      </file>
    </package>
    <package name="components.LoadingList">
      <metrics statements="1" coveredstatements="1" conditionals="0" coveredconditionals="0" methods="1" coveredmethods="1"/>
      <file name="index.tsx" path="/home/joao/Desktop/Desafio/Garupa/barbrew/src/components/LoadingList/index.tsx">
        <metrics statements="1" coveredstatements="1" conditionals="0" coveredconditionals="0" methods="1" coveredmethods="1"/>
        <line num="4" count="9" type="stmt"/>
      </file>
    </package>
    <package name="components.Section">
      <metrics statements="1" coveredstatements="1" conditionals="0" coveredconditionals="0" methods="1" coveredmethods="1"/>
      <file name="index.tsx" path="/home/joao/Desktop/Desafio/Garupa/barbrew/src/components/Section/index.tsx">
        <metrics statements="1" coveredstatements="1" conditionals="0" coveredconditionals="0" methods="1" coveredmethods="1"/>
        <line num="10" count="13" type="stmt"/>
      </file>
    </package>
    <package name="screens.Beer">
      <metrics statements="5" coveredstatements="5" conditionals="12" coveredconditionals="12" methods="3" coveredmethods="3"/>
      <file name="index.tsx" path="/home/joao/Desktop/Desafio/Garupa/barbrew/src/screens/Beer/index.tsx">
        <metrics statements="5" coveredstatements="5" conditionals="12" coveredconditionals="12" methods="3" coveredmethods="3"/>
        <line num="15" count="3" type="stmt"/>
        <line num="17" count="3" type="stmt"/>
        <line num="19" count="3" type="stmt"/>
        <line num="22" count="1" type="stmt"/>
        <line num="25" count="3" type="stmt"/>
      </file>
    </package>
    <package name="screens.Home">
      <metrics statements="28" coveredstatements="20" conditionals="11" coveredconditionals="5" methods="12" coveredmethods="9"/>
      <file name="index.tsx" path="/home/joao/Desktop/Desafio/Garupa/barbrew/src/screens/Home/index.tsx">
        <metrics statements="28" coveredstatements="20" conditionals="11" coveredconditionals="5" methods="12" coveredmethods="9"/>
        <line num="25" count="6" type="stmt"/>
        <line num="26" count="6" type="stmt"/>
        <line num="28" count="6" type="stmt"/>
        <line num="30" count="6" type="stmt"/>
        <line num="32" count="11" type="stmt"/>
        <line num="33" count="10" type="stmt"/>
        <line num="34" count="11" type="stmt"/>
        <line num="35" count="11" type="stmt"/>
        <line num="37" count="6" type="stmt"/>
        <line num="38" count="3" type="stmt"/>
        <line num="42" count="0" type="stmt"/>
        <line num="46" count="2" type="stmt"/>
        <line num="48" count="2" type="cond" truecount="1" falsecount="1"/>
        <line num="49" count="0" type="stmt"/>
        <line num="50" count="0" type="stmt"/>
        <line num="51" count="0" type="stmt"/>
        <line num="52" count="0" type="stmt"/>
        <line num="57" count="1" type="stmt"/>
        <line num="59" count="1" type="cond" truecount="1" falsecount="1"/>
        <line num="60" count="1" type="stmt"/>
        <line num="63" count="1" type="cond" truecount="1" falsecount="1"/>
        <line num="64" count="0" type="stmt"/>
        <line num="67" count="1" type="stmt"/>
        <line num="68" count="1" type="stmt"/>
        <line num="71" count="6" type="stmt"/>
        <line num="91" count="0" type="stmt"/>
        <line num="96" count="1" type="stmt"/>
        <line num="109" count="0" type="cond" truecount="0" falsecount="2"/>
      </file>
    </package>
    <package name="store.slices">
      <metrics statements="43" coveredstatements="43" conditionals="4" coveredconditionals="4" methods="10" coveredmethods="10"/>
      <file name="brewery.ts" path="/home/joao/Desktop/Desafio/Garupa/barbrew/src/store/slices/brewery.ts">
        <metrics statements="43" coveredstatements="43" conditionals="4" coveredconditionals="4" methods="10" coveredmethods="10"/>
        <line num="6" count="3" type="stmt"/>
        <line num="33" count="3" type="stmt"/>
        <line num="42" count="3" type="stmt"/>
        <line num="45" count="5" type="stmt"/>
        <line num="47" count="5" type="stmt"/>
        <line num="48" count="5" type="stmt"/>
        <line num="52" count="1" type="stmt"/>
        <line num="54" count="1" type="stmt"/>
        <line num="59" count="3" type="stmt"/>
        <line num="62" count="3" type="stmt"/>
        <line num="64" count="3" type="stmt"/>
        <line num="65" count="3" type="stmt"/>
        <line num="73" count="1" type="stmt"/>
        <line num="75" count="1" type="stmt"/>
        <line num="80" count="3" type="stmt"/>
        <line num="85" count="2" type="stmt"/>
        <line num="86" count="2" type="stmt"/>
        <line num="87" count="2" type="stmt"/>
        <line num="92" count="2" type="stmt"/>
        <line num="93" count="4" type="stmt"/>
        <line num="96" count="2" type="stmt"/>
        <line num="97" count="2" type="stmt"/>
        <line num="99" count="2" type="cond" truecount="2" falsecount="0"/>
        <line num="100" count="1" type="stmt"/>
        <line num="101" count="1" type="stmt"/>
        <line num="102" count="1" type="stmt"/>
        <line num="104" count="1" type="stmt"/>
        <line num="108" count="2" type="stmt"/>
        <line num="109" count="1" type="stmt"/>
        <line num="113" count="2" type="stmt"/>
        <line num="114" count="2" type="stmt"/>
        <line num="117" count="2" type="stmt"/>
        <line num="118" count="3" type="stmt"/>
        <line num="120" count="3" type="cond" truecount="2" falsecount="0"/>
        <line num="121" count="2" type="stmt"/>
        <line num="122" count="2" type="stmt"/>
        <line num="123" count="2" type="stmt"/>
        <line num="125" count="1" type="stmt"/>
        <line num="126" count="1" type="stmt"/>
        <line num="130" count="2" type="stmt"/>
        <line num="131" count="1" type="stmt"/>
        <line num="136" count="3" type="stmt"/>
        <line num="138" count="3" type="stmt"/>
      </file>
    </package>
    <package name="utils">
      <metrics statements="3" coveredstatements="3" conditionals="0" coveredconditionals="0" methods="2" coveredmethods="2"/>
      <file name="customRender.tsx" path="/home/joao/Desktop/Desafio/Garupa/barbrew/src/utils/customRender.tsx">
        <metrics statements="3" coveredstatements="3" conditionals="0" coveredconditionals="0" methods="2" coveredmethods="2"/>
        <line num="8" count="3" type="stmt"/>
        <line num="15" count="1" type="stmt"/>
        <line num="18" count="3" type="stmt"/>
      </file>
    </package>
  </project>
</coverage>
