{"/home/joao/Desktop/Desafio/Garupa/barbrew/src/components/BeerCard/index.tsx": {"path":"/home/joao/Desktop/Desafio/Garupa/barbrew/src/components/BeerCard/index.tsx","statementMap":{"0":{"start":{"line":11,"column":21},"end":{"line":11,"column":36}},"1":{"start":{"line":14,"column":4},"end":{"line":16,"column":7}},"2":{"start":{"line":19,"column":2},"end":{"line":43,"column":4}}},"fnMap":{"0":{"name":"BeerCard","decl":{"start":{"line":10,"column":16},"end":{"line":10,"column":24}},"loc":{"start":{"line":10,"column":50},"end":{"line":44,"column":1}},"line":10},"1":{"name":"handleShowBeer","decl":{"start":{"line":13,"column":11},"end":{"line":13,"column":25}},"loc":{"start":{"line":13,"column":28},"end":{"line":17,"column":3}},"line":13}},"branchMap":{"0":{"loc":{"start":{"line":28,"column":16},"end":{"line":28,"column":66}},"type":"cond-expr","locations":[{"start":{"line":28,"column":33},"end":{"line":28,"column":56}},{"start":{"line":28,"column":59},"end":{"line":28,"column":66}}],"line":28}},"s":{"0":39,"1":1,"2":39},"f":{"0":39,"1":1},"b":{"0":[18,21]},"_coverageSchema":"1a1c01bbd47fc00a2c39e90264f33305004495a9","hash":"41cdaf2ecbee202c5e0519753481e5127ea622f1"}
,"/home/joao/Desktop/Desafio/Garupa/barbrew/src/components/EmptyList/index.tsx": {"path":"/home/joao/Desktop/Desafio/Garupa/barbrew/src/components/EmptyList/index.tsx","statementMap":{"0":{"start":{"line":5,"column":2},"end":{"line":15,"column":4}}},"fnMap":{"0":{"name":"EmptyList","decl":{"start":{"line":4,"column":16},"end":{"line":4,"column":25}},"loc":{"start":{"line":4,"column":28},"end":{"line":16,"column":1}},"line":4}},"branchMap":{},"s":{"0":2},"f":{"0":2},"b":{},"_coverageSchema":"1a1c01bbd47fc00a2c39e90264f33305004495a9","hash":"8b5765b74aa276be9e9fb006e5c768c3adeabed0"}
,"/home/joao/Desktop/Desafio/Garupa/barbrew/src/components/ListBeers/index.tsx": {"path":"/home/joao/Desktop/Desafio/Garupa/barbrew/src/components/ListBeers/index.tsx","statementMap":{"0":{"start":{"line":22,"column":25},"end":{"line":22,"column":39}},"1":{"start":{"line":27,"column":4},"end":{"line":60,"column":1}},"2":{"start":{"line":28,"column":21},"end":{"line":30,"column":8}},"3":{"start":{"line":29,"column":4},"end":{"line":29,"column":44}},"4":{"start":{"line":32,"column":2},"end":{"line":59,"column":4}},"5":{"start":{"line":36,"column":30},"end":{"line":36,"column":45}},"6":{"start":{"line":46,"column":8},"end":{"line":48,"column":9}},"7":{"start":{"line":47,"column":10},"end":{"line":47,"column":17}},"8":{"start":{"line":50,"column":8},"end":{"line":50,"column":17}},"9":{"start":{"line":62,"column":25},"end":{"line":62,"column":50}}},"fnMap":{"0":{"name":"(anonymous_0)","decl":{"start":{"line":27,"column":4},"end":{"line":27,"column":5}},"loc":{"start":{"line":27,"column":52},"end":{"line":60,"column":1}},"line":27},"1":{"name":"(anonymous_1)","decl":{"start":{"line":28,"column":33},"end":{"line":28,"column":34}},"loc":{"start":{"line":28,"column":63},"end":{"line":30,"column":3}},"line":28},"2":{"name":"(anonymous_2)","decl":{"start":{"line":36,"column":20},"end":{"line":36,"column":21}},"loc":{"start":{"line":36,"column":30},"end":{"line":36,"column":45}},"line":36},"3":{"name":"(anonymous_3)","decl":{"start":{"line":45,"column":20},"end":{"line":45,"column":21}},"loc":{"start":{"line":45,"column":45},"end":{"line":51,"column":7}},"line":45}},"branchMap":{"0":{"loc":{"start":{"line":46,"column":8},"end":{"line":48,"column":9}},"type":"if","locations":[{"start":{"line":46,"column":8},"end":{"line":48,"column":9}},{"start":{},"end":{}}],"line":46},"1":{"loc":{"start":{"line":46,"column":12},"end":{"line":46,"column":43}},"type":"binary-expr","locations":[{"start":{"line":46,"column":12},"end":{"line":46,"column":32}},{"start":{"line":46,"column":36},"end":{"line":46,"column":43}}],"line":46},"2":{"loc":{"start":{"line":53,"column":26},"end":{"line":53,"column":69}},"type":"cond-expr","locations":[{"start":{"line":53,"column":38},"end":{"line":53,"column":53}},{"start":{"line":53,"column":56},"end":{"line":53,"column":69}}],"line":53},"3":{"loc":{"start":{"line":55,"column":8},"end":{"line":55,"column":62}},"type":"cond-expr","locations":[{"start":{"line":55,"column":40},"end":{"line":55,"column":55}},{"start":{"line":55,"column":58},"end":{"line":55,"column":62}}],"line":55},"4":{"loc":{"start":{"line":55,"column":8},"end":{"line":55,"column":37}},"type":"binary-expr","locations":[{"start":{"line":55,"column":8},"end":{"line":55,"column":16}},{"start":{"line":55,"column":20},"end":{"line":55,"column":37}}],"line":55}},"s":{"0":2,"1":2,"2":13,"3":36,"4":13,"5":43,"6":2,"7":1,"8":1,"9":2},"f":{"0":13,"1":36,"2":43,"3":2},"b":{"0":[1,1],"1":[2,1],"2":[7,6],"3":[1,12],"4":[13,12]},"_coverageSchema":"1a1c01bbd47fc00a2c39e90264f33305004495a9","hash":"30f51bcb9bea6b34f85ee8de831b681a0a68dcde"}
,"/home/joao/Desktop/Desafio/Garupa/barbrew/src/components/Loading/index.tsx": {"path":"/home/joao/Desktop/Desafio/Garupa/barbrew/src/components/Loading/index.tsx","statementMap":{"0":{"start":{"line":4,"column":2},"end":{"line":12,"column":4}}},"fnMap":{"0":{"name":"Loading","decl":{"start":{"line":3,"column":16},"end":{"line":3,"column":23}},"loc":{"start":{"line":3,"column":26},"end":{"line":13,"column":1}},"line":3}},"branchMap":{},"s":{"0":1},"f":{"0":1},"b":{},"_coverageSchema":"1a1c01bbd47fc00a2c39e90264f33305004495a9","hash":"e49b2751ba08fd0d55db536868fe6f249649757c"}
,"/home/joao/Desktop/Desafio/Garupa/barbrew/src/components/LoadingList/index.tsx": {"path":"/home/joao/Desktop/Desafio/Garupa/barbrew/src/components/LoadingList/index.tsx","statementMap":{"0":{"start":{"line":4,"column":2},"end":{"line":12,"column":4}}},"fnMap":{"0":{"name":"LoadingList","decl":{"start":{"line":3,"column":16},"end":{"line":3,"column":27}},"loc":{"start":{"line":3,"column":30},"end":{"line":13,"column":1}},"line":3}},"branchMap":{},"s":{"0":9},"f":{"0":9},"b":{},"_coverageSchema":"1a1c01bbd47fc00a2c39e90264f33305004495a9","hash":"4dfd126dd865fafad1221e52160d7b934af6ff94"}
,"/home/joao/Desktop/Desafio/Garupa/barbrew/src/components/Section/index.tsx": {"path":"/home/joao/Desktop/Desafio/Garupa/barbrew/src/components/Section/index.tsx","statementMap":{"0":{"start":{"line":10,"column":2},"end":{"line":18,"column":4}}},"fnMap":{"0":{"name":"Section","decl":{"start":{"line":9,"column":16},"end":{"line":9,"column":23}},"loc":{"start":{"line":9,"column":59},"end":{"line":19,"column":1}},"line":9}},"branchMap":{},"s":{"0":13},"f":{"0":13},"b":{},"_coverageSchema":"1a1c01bbd47fc00a2c39e90264f33305004495a9","hash":"75cc6c87824c0e8cefac1f90ace0e142e678c2cc"}
,"/home/joao/Desktop/Desafio/Garupa/barbrew/src/screens/Beer/index.tsx": {"path":"/home/joao/Desktop/Desafio/Garupa/barbrew/src/screens/Beer/index.tsx","statementMap":{"0":{"start":{"line":15,"column":16},"end":{"line":15,"column":26}},"1":{"start":{"line":17,"column":19},"end":{"line":17,"column":46}},"2":{"start":{"line":19,"column":21},"end":{"line":19,"column":36}},"3":{"start":{"line":22,"column":4},"end":{"line":22,"column":32}},"4":{"start":{"line":25,"column":2},"end":{"line":117,"column":4}}},"fnMap":{"0":{"name":"Beer","decl":{"start":{"line":14,"column":16},"end":{"line":14,"column":20}},"loc":{"start":{"line":14,"column":23},"end":{"line":118,"column":1}},"line":14},"1":{"name":"handleGoBack","decl":{"start":{"line":21,"column":11},"end":{"line":21,"column":23}},"loc":{"start":{"line":21,"column":26},"end":{"line":23,"column":3}},"line":21},"2":{"name":"(anonymous_2)","decl":{"start":{"line":99,"column":37},"end":{"line":99,"column":38}},"loc":{"start":{},"end":{}}}},"branchMap":{"0":{"loc":{"start":{"line":40,"column":20},"end":{"line":40,"column":70}},"type":"cond-expr","locations":[{"start":{"line":40,"column":37},"end":{"line":40,"column":60}},{"start":{"line":40,"column":63},"end":{"line":40,"column":70}}],"line":40},"1":{"loc":{"start":{"line":57,"column":15},"end":{"line":59,"column":15}},"type":"binary-expr","locations":[{"start":{"line":57,"column":15},"end":{"line":57,"column":23}},{"start":{},"end":{}}],"line":57},"2":{"loc":{"start":{"line":61,"column":15},"end":{"line":68,"column":15}},"type":"binary-expr","locations":[{"start":{"line":61,"column":15},"end":{"line":61,"column":23}},{"start":{"line":62,"column":16},"end":{"line":67,"column":19}}],"line":61},"3":{"loc":{"start":{"line":70,"column":15},"end":{"line":77,"column":15}},"type":"binary-expr","locations":[{"start":{"line":70,"column":15},"end":{"line":70,"column":23}},{"start":{"line":71,"column":16},"end":{"line":76,"column":19}}],"line":70},"4":{"loc":{"start":{"line":79,"column":15},"end":{"line":86,"column":15}},"type":"binary-expr","locations":[{"start":{"line":79,"column":15},"end":{"line":79,"column":23}},{"start":{"line":80,"column":16},"end":{"line":85,"column":19}}],"line":79},"5":{"loc":{"start":{"line":88,"column":15},"end":{"line":93,"column":15}},"type":"binary-expr","locations":[{"start":{"line":88,"column":15},"end":{"line":88,"column":22}},{"start":{"line":89,"column":16},"end":{"line":92,"column":19}}],"line":88}},"s":{"0":3,"1":3,"2":3,"3":1,"4":3},"f":{"0":3,"1":1,"2":9},"b":{"0":[2,1],"1":[3,3],"2":[3,3],"3":[3,3],"4":[3,3],"5":[3,3]},"_coverageSchema":"1a1c01bbd47fc00a2c39e90264f33305004495a9","hash":"b4573825e4a5fe96394af989114efdd0d03f4576"}
,"/home/joao/Desktop/Desafio/Garupa/barbrew/src/screens/Home/index.tsx": {"path":"/home/joao/Desktop/Desafio/Garupa/barbrew/src/screens/Home/index.tsx","statementMap":{"0":{"start":{"line":25,"column":34},"end":{"line":25,"column":46}},"1":{"start":{"line":26,"column":34},"end":{"line":26,"column":49}},"2":{"start":{"line":28,"column":22},"end":{"line":28,"column":50}},"3":{"start":{"line":30,"column":19},"end":{"line":30,"column":35}},"4":{"start":{"line":32,"column":16},"end":{"line":32,"column":62}},"5":{"start":{"line":32,"column":42},"end":{"line":32,"column":61}},"6":{"start":{"line":33,"column":24},"end":{"line":33,"column":78}},"7":{"start":{"line":33,"column":50},"end":{"line":33,"column":77}},"8":{"start":{"line":34,"column":18},"end":{"line":34,"column":66}},"9":{"start":{"line":34,"column":44},"end":{"line":34,"column":65}},"10":{"start":{"line":35,"column":20},"end":{"line":35,"column":70}},"11":{"start":{"line":35,"column":46},"end":{"line":35,"column":69}},"12":{"start":{"line":37,"column":2},"end":{"line":39,"column":9}},"13":{"start":{"line":38,"column":4},"end":{"line":38,"column":26}},"14":{"start":{"line":42,"column":4},"end":{"line":42,"column":71}},"15":{"start":{"line":46,"column":4},"end":{"line":46,"column":22}},"16":{"start":{"line":48,"column":4},"end":{"line":53,"column":5}},"17":{"start":{"line":49,"column":6},"end":{"line":49,"column":25}},"18":{"start":{"line":50,"column":6},"end":{"line":50,"column":25}},"19":{"start":{"line":51,"column":6},"end":{"line":51,"column":41}},"20":{"start":{"line":52,"column":6},"end":{"line":52,"column":20}},"21":{"start":{"line":57,"column":4},"end":{"line":57,"column":23}},"22":{"start":{"line":59,"column":4},"end":{"line":61,"column":5}},"23":{"start":{"line":60,"column":6},"end":{"line":60,"column":41}},"24":{"start":{"line":63,"column":4},"end":{"line":65,"column":5}},"25":{"start":{"line":64,"column":6},"end":{"line":64,"column":13}},"26":{"start":{"line":67,"column":4},"end":{"line":67,"column":22}},"27":{"start":{"line":68,"column":4},"end":{"line":68,"column":36}},"28":{"start":{"line":71,"column":2},"end":{"line":116,"column":4}},"29":{"start":{"line":91,"column":35},"end":{"line":91,"column":58}},"30":{"start":{"line":96,"column":27},"end":{"line":96,"column":50}},"31":{"start":{"line":109,"column":12},"end":{"line":109,"column":66}}},"fnMap":{"0":{"name":"Home","decl":{"start":{"line":24,"column":16},"end":{"line":24,"column":20}},"loc":{"start":{"line":24,"column":23},"end":{"line":117,"column":1}},"line":24},"1":{"name":"(anonymous_1)","decl":{"start":{"line":32,"column":31},"end":{"line":32,"column":32}},"loc":{"start":{"line":32,"column":42},"end":{"line":32,"column":61}},"line":32},"2":{"name":"(anonymous_2)","decl":{"start":{"line":33,"column":39},"end":{"line":33,"column":40}},"loc":{"start":{"line":33,"column":50},"end":{"line":33,"column":77}},"line":33},"3":{"name":"(anonymous_3)","decl":{"start":{"line":34,"column":33},"end":{"line":34,"column":34}},"loc":{"start":{"line":34,"column":44},"end":{"line":34,"column":65}},"line":34},"4":{"name":"(anonymous_4)","decl":{"start":{"line":35,"column":35},"end":{"line":35,"column":36}},"loc":{"start":{"line":35,"column":46},"end":{"line":35,"column":69}},"line":35},"5":{"name":"(anonymous_5)","decl":{"start":{"line":37,"column":12},"end":{"line":37,"column":13}},"loc":{"start":{"line":37,"column":18},"end":{"line":39,"column":3}},"line":37},"6":{"name":"scrollToTop","decl":{"start":{"line":41,"column":11},"end":{"line":41,"column":22}},"loc":{"start":{"line":41,"column":25},"end":{"line":43,"column":3}},"line":41},"7":{"name":"handleBeerName","decl":{"start":{"line":45,"column":11},"end":{"line":45,"column":25}},"loc":{"start":{"line":45,"column":40},"end":{"line":54,"column":3}},"line":45},"8":{"name":"handleSearchBeers","decl":{"start":{"line":56,"column":11},"end":{"line":56,"column":28}},"loc":{"start":{"line":56,"column":44},"end":{"line":69,"column":3}},"line":56},"9":{"name":"(anonymous_9)","decl":{"start":{"line":91,"column":29},"end":{"line":91,"column":30}},"loc":{"start":{"line":91,"column":35},"end":{"line":91,"column":58}},"line":91},"10":{"name":"(anonymous_10)","decl":{"start":{"line":96,"column":21},"end":{"line":96,"column":22}},"loc":{"start":{"line":96,"column":27},"end":{"line":96,"column":50}},"line":96},"11":{"name":"(anonymous_11)","decl":{"start":{"line":108,"column":18},"end":{"line":108,"column":19}},"loc":{"start":{"line":109,"column":12},"end":{"line":109,"column":66}},"line":109}},"branchMap":{"0":{"loc":{"start":{"line":48,"column":4},"end":{"line":53,"column":5}},"type":"if","locations":[{"start":{"line":48,"column":4},"end":{"line":53,"column":5}},{"start":{},"end":{}}],"line":48},"1":{"loc":{"start":{"line":56,"column":29},"end":{"line":56,"column":42}},"type":"default-arg","locations":[{"start":{"line":56,"column":37},"end":{"line":56,"column":42}}],"line":56},"2":{"loc":{"start":{"line":59,"column":4},"end":{"line":61,"column":5}},"type":"if","locations":[{"start":{"line":59,"column":4},"end":{"line":61,"column":5}},{"start":{},"end":{}}],"line":59},"3":{"loc":{"start":{"line":63,"column":4},"end":{"line":65,"column":5}},"type":"if","locations":[{"start":{"line":63,"column":4},"end":{"line":65,"column":5}},{"start":{},"end":{}}],"line":63},"4":{"loc":{"start":{"line":107,"column":17},"end":{"line":107,"column":49}},"type":"cond-expr","locations":[{"start":{"line":107,"column":28},"end":{"line":107,"column":41}},{"start":{"line":107,"column":44},"end":{"line":107,"column":49}}],"line":107},"5":{"loc":{"start":{"line":109,"column":12},"end":{"line":109,"column":66}},"type":"cond-expr","locations":[{"start":{"line":109,"column":23},"end":{"line":109,"column":42}},{"start":{"line":109,"column":45},"end":{"line":109,"column":66}}],"line":109}},"s":{"0":6,"1":6,"2":6,"3":6,"4":6,"5":11,"6":6,"7":10,"8":6,"9":11,"10":6,"11":11,"12":6,"13":3,"14":0,"15":2,"16":2,"17":0,"18":0,"19":0,"20":0,"21":1,"22":1,"23":1,"24":1,"25":0,"26":1,"27":1,"28":6,"29":0,"30":1,"31":0},"f":{"0":6,"1":11,"2":10,"3":11,"4":11,"5":3,"6":0,"7":2,"8":1,"9":0,"10":1,"11":0},"b":{"0":[0,2],"1":[0],"2":[1,0],"3":[0,1],"4":[1,5],"5":[0,0]},"_coverageSchema":"1a1c01bbd47fc00a2c39e90264f33305004495a9","hash":"fe1cfc2fc2c347eddb15112c8d036ee2a5e2bd4f"}
,"/home/joao/Desktop/Desafio/Garupa/barbrew/src/store/slices/brewery.ts": {"path":"/home/joao/Desktop/Desafio/Garupa/barbrew/src/store/slices/brewery.ts","statementMap":{"0":{"start":{"line":6,"column":24},"end":{"line":6,"column":26}},"1":{"start":{"line":33,"column":32},"end":{"line":40,"column":1}},"2":{"start":{"line":42,"column":25},"end":{"line":57,"column":1}},"3":{"start":{"line":45,"column":33},"end":{"line":45,"column":66}},"4":{"start":{"line":47,"column":4},"end":{"line":55,"column":5}},"5":{"start":{"line":48,"column":23},"end":{"line":50,"column":8}},"6":{"start":{"line":52,"column":6},"end":{"line":52,"column":27}},"7":{"start":{"line":54,"column":6},"end":{"line":54,"column":64}},"8":{"start":{"line":59,"column":27},"end":{"line":78,"column":1}},"9":{"start":{"line":62,"column":41},"end":{"line":62,"column":74}},"10":{"start":{"line":64,"column":4},"end":{"line":76,"column":5}},"11":{"start":{"line":65,"column":23},"end":{"line":71,"column":8}},"12":{"start":{"line":73,"column":6},"end":{"line":73,"column":27}},"13":{"start":{"line":75,"column":6},"end":{"line":75,"column":64}},"14":{"start":{"line":80,"column":28},"end":{"line":134,"column":2}},"15":{"start":{"line":85,"column":6},"end":{"line":85,"column":31}},"16":{"start":{"line":86,"column":6},"end":{"line":86,"column":41}},"17":{"start":{"line":87,"column":6},"end":{"line":87,"column":28}},"18":{"start":{"line":92,"column":4},"end":{"line":94,"column":7}},"19":{"start":{"line":93,"column":6},"end":{"line":93,"column":29}},"20":{"start":{"line":96,"column":4},"end":{"line":106,"column":7}},"21":{"start":{"line":97,"column":6},"end":{"line":97,"column":30}},"22":{"start":{"line":99,"column":6},"end":{"line":105,"column":7}},"23":{"start":{"line":100,"column":8},"end":{"line":100,"column":36}},"24":{"start":{"line":101,"column":8},"end":{"line":101,"column":30}},"25":{"start":{"line":102,"column":8},"end":{"line":102,"column":58}},"26":{"start":{"line":104,"column":8},"end":{"line":104,"column":29}},"27":{"start":{"line":108,"column":4},"end":{"line":110,"column":7}},"28":{"start":{"line":109,"column":6},"end":{"line":109,"column":30}},"29":{"start":{"line":113,"column":4},"end":{"line":115,"column":7}},"30":{"start":{"line":114,"column":6},"end":{"line":114,"column":29}},"31":{"start":{"line":117,"column":4},"end":{"line":128,"column":7}},"32":{"start":{"line":118,"column":6},"end":{"line":118,"column":30}},"33":{"start":{"line":120,"column":6},"end":{"line":127,"column":7}},"34":{"start":{"line":121,"column":8},"end":{"line":121,"column":44}},"35":{"start":{"line":122,"column":8},"end":{"line":122,"column":51}},"36":{"start":{"line":123,"column":8},"end":{"line":123,"column":74}},"37":{"start":{"line":125,"column":8},"end":{"line":125,"column":29}},"38":{"start":{"line":126,"column":8},"end":{"line":126,"column":45}},"39":{"start":{"line":130,"column":4},"end":{"line":132,"column":7}},"40":{"start":{"line":131,"column":6},"end":{"line":131,"column":30}},"41":{"start":{"line":136,"column":23},"end":{"line":136,"column":43}},"42":{"start":{"line":138,"column":42},"end":{"line":138,"column":62}}},"fnMap":{"0":{"name":"(anonymous_0)","decl":{"start":{"line":44,"column":2},"end":{"line":44,"column":3}},"loc":{"start":{"line":44,"column":29},"end":{"line":56,"column":3}},"line":44},"1":{"name":"(anonymous_1)","decl":{"start":{"line":61,"column":2},"end":{"line":61,"column":3}},"loc":{"start":{"line":61,"column":44},"end":{"line":77,"column":3}},"line":61},"2":{"name":"(anonymous_2)","decl":{"start":{"line":84,"column":28},"end":{"line":84,"column":29}},"loc":{"start":{"line":84,"column":39},"end":{"line":88,"column":5}},"line":84},"3":{"name":"(anonymous_3)","decl":{"start":{"line":90,"column":2},"end":{"line":90,"column":3}},"loc":{"start":{"line":90,"column":25},"end":{"line":133,"column":3}},"line":90},"4":{"name":"(anonymous_4)","decl":{"start":{"line":92,"column":39},"end":{"line":92,"column":40}},"loc":{"start":{"line":92,"column":50},"end":{"line":94,"column":5}},"line":92},"5":{"name":"(anonymous_5)","decl":{"start":{"line":96,"column":41},"end":{"line":96,"column":42}},"loc":{"start":{"line":96,"column":60},"end":{"line":106,"column":5}},"line":96},"6":{"name":"(anonymous_6)","decl":{"start":{"line":108,"column":40},"end":{"line":108,"column":41}},"loc":{"start":{"line":108,"column":51},"end":{"line":110,"column":5}},"line":108},"7":{"name":"(anonymous_7)","decl":{"start":{"line":113,"column":41},"end":{"line":113,"column":42}},"loc":{"start":{"line":113,"column":52},"end":{"line":115,"column":5}},"line":113},"8":{"name":"(anonymous_8)","decl":{"start":{"line":117,"column":43},"end":{"line":117,"column":44}},"loc":{"start":{"line":117,"column":62},"end":{"line":128,"column":5}},"line":117},"9":{"name":"(anonymous_9)","decl":{"start":{"line":130,"column":42},"end":{"line":130,"column":43}},"loc":{"start":{"line":130,"column":53},"end":{"line":132,"column":5}},"line":130}},"branchMap":{"0":{"loc":{"start":{"line":99,"column":6},"end":{"line":105,"column":7}},"type":"if","locations":[{"start":{"line":99,"column":6},"end":{"line":105,"column":7}},{"start":{"line":103,"column":13},"end":{"line":105,"column":7}}],"line":99},"1":{"loc":{"start":{"line":120,"column":6},"end":{"line":127,"column":7}},"type":"if","locations":[{"start":{"line":120,"column":6},"end":{"line":127,"column":7}},{"start":{"line":124,"column":13},"end":{"line":127,"column":7}}],"line":120}},"s":{"0":3,"1":3,"2":3,"3":5,"4":5,"5":5,"6":1,"7":1,"8":3,"9":3,"10":3,"11":3,"12":1,"13":1,"14":3,"15":2,"16":2,"17":2,"18":2,"19":4,"20":2,"21":2,"22":2,"23":1,"24":1,"25":1,"26":1,"27":2,"28":1,"29":2,"30":2,"31":2,"32":3,"33":3,"34":2,"35":2,"36":2,"37":1,"38":1,"39":2,"40":1,"41":3,"42":3},"f":{"0":5,"1":3,"2":2,"3":2,"4":4,"5":2,"6":1,"7":2,"8":3,"9":1},"b":{"0":[1,1],"1":[2,1]},"_coverageSchema":"1a1c01bbd47fc00a2c39e90264f33305004495a9","hash":"a425920c47cf1ddc03cd389ef72483fa31d64932"}
,"/home/joao/Desktop/Desafio/Garupa/barbrew/src/utils/customRender.tsx": {"path":"/home/joao/Desktop/Desafio/Garupa/barbrew/src/utils/customRender.tsx","statementMap":{"0":{"start":{"line":8,"column":2},"end":{"line":12,"column":4}},"1":{"start":{"line":15,"column":21},"end":{"line":18,"column":51}},"2":{"start":{"line":18,"column":5},"end":{"line":18,"column":51}}},"fnMap":{"0":{"name":"Providers","decl":{"start":{"line":7,"column":9},"end":{"line":7,"column":18}},"loc":{"start":{"line":7,"column":58},"end":{"line":13,"column":1}},"line":7},"1":{"name":"(anonymous_1)","decl":{"start":{"line":15,"column":21},"end":{"line":15,"column":22}},"loc":{"start":{"line":18,"column":5},"end":{"line":18,"column":51}},"line":18}},"branchMap":{},"s":{"0":3,"1":1,"2":3},"f":{"0":3,"1":3},"b":{},"_coverageSchema":"1a1c01bbd47fc00a2c39e90264f33305004495a9","hash":"99028052bbd3066ec0380f2cba8efabb6546dde6"}
}
