{"/home/joao/Desktop/Desafio/Garupa/barbrew/src/store/slices/brewery.ts": {"path":"/home/joao/Desktop/Desafio/Garupa/barbrew/src/store/slices/brewery.ts","statementMap":{"0":{"start":{"line":6,"column":24},"end":{"line":6,"column":26}},"1":{"start":{"line":34,"column":32},"end":{"line":42,"column":1}},"2":{"start":{"line":44,"column":25},"end":{"line":59,"column":1}},"3":{"start":{"line":47,"column":33},"end":{"line":47,"column":66}},"4":{"start":{"line":49,"column":4},"end":{"line":57,"column":5}},"5":{"start":{"line":50,"column":23},"end":{"line":52,"column":8}},"6":{"start":{"line":54,"column":6},"end":{"line":54,"column":27}},"7":{"start":{"line":56,"column":6},"end":{"line":56,"column":64}},"8":{"start":{"line":61,"column":27},"end":{"line":80,"column":1}},"9":{"start":{"line":64,"column":41},"end":{"line":64,"column":74}},"10":{"start":{"line":66,"column":4},"end":{"line":78,"column":5}},"11":{"start":{"line":67,"column":23},"end":{"line":73,"column":8}},"12":{"start":{"line":75,"column":6},"end":{"line":75,"column":27}},"13":{"start":{"line":77,"column":6},"end":{"line":77,"column":64}},"14":{"start":{"line":82,"column":28},"end":{"line":135,"column":2}},"15":{"start":{"line":87,"column":6},"end":{"line":87,"column":31}},"16":{"start":{"line":88,"column":6},"end":{"line":88,"column":41}},"17":{"start":{"line":93,"column":4},"end":{"line":95,"column":7}},"18":{"start":{"line":94,"column":6},"end":{"line":94,"column":29}},"19":{"start":{"line":97,"column":4},"end":{"line":107,"column":7}},"20":{"start":{"line":98,"column":6},"end":{"line":98,"column":30}},"21":{"start":{"line":100,"column":6},"end":{"line":106,"column":7}},"22":{"start":{"line":101,"column":8},"end":{"line":101,"column":36}},"23":{"start":{"line":102,"column":8},"end":{"line":102,"column":30}},"24":{"start":{"line":103,"column":8},"end":{"line":103,"column":58}},"25":{"start":{"line":105,"column":8},"end":{"line":105,"column":29}},"26":{"start":{"line":109,"column":4},"end":{"line":111,"column":7}},"27":{"start":{"line":110,"column":6},"end":{"line":110,"column":30}},"28":{"start":{"line":114,"column":4},"end":{"line":116,"column":7}},"29":{"start":{"line":115,"column":6},"end":{"line":115,"column":29}},"30":{"start":{"line":118,"column":4},"end":{"line":129,"column":7}},"31":{"start":{"line":119,"column":6},"end":{"line":119,"column":30}},"32":{"start":{"line":121,"column":6},"end":{"line":128,"column":7}},"33":{"start":{"line":122,"column":8},"end":{"line":122,"column":44}},"34":{"start":{"line":123,"column":8},"end":{"line":123,"column":51}},"35":{"start":{"line":124,"column":8},"end":{"line":124,"column":74}},"36":{"start":{"line":126,"column":8},"end":{"line":126,"column":29}},"37":{"start":{"line":127,"column":8},"end":{"line":127,"column":45}},"38":{"start":{"line":131,"column":4},"end":{"line":133,"column":7}},"39":{"start":{"line":132,"column":6},"end":{"line":132,"column":30}},"40":{"start":{"line":137,"column":23},"end":{"line":137,"column":43}},"41":{"start":{"line":139,"column":42},"end":{"line":139,"column":62}}},"fnMap":{"0":{"name":"(anonymous_0)","decl":{"start":{"line":46,"column":2},"end":{"line":46,"column":3}},"loc":{"start":{"line":46,"column":29},"end":{"line":58,"column":3}},"line":46},"1":{"name":"(anonymous_1)","decl":{"start":{"line":63,"column":2},"end":{"line":63,"column":3}},"loc":{"start":{"line":63,"column":44},"end":{"line":79,"column":3}},"line":63},"2":{"name":"(anonymous_2)","decl":{"start":{"line":86,"column":28},"end":{"line":86,"column":29}},"loc":{"start":{"line":86,"column":39},"end":{"line":89,"column":5}},"line":86},"3":{"name":"(anonymous_3)","decl":{"start":{"line":91,"column":2},"end":{"line":91,"column":3}},"loc":{"start":{"line":91,"column":25},"end":{"line":134,"column":3}},"line":91},"4":{"name":"(anonymous_4)","decl":{"start":{"line":93,"column":39},"end":{"line":93,"column":40}},"loc":{"start":{"line":93,"column":50},"end":{"line":95,"column":5}},"line":93},"5":{"name":"(anonymous_5)","decl":{"start":{"line":97,"column":41},"end":{"line":97,"column":42}},"loc":{"start":{"line":97,"column":60},"end":{"line":107,"column":5}},"line":97},"6":{"name":"(anonymous_6)","decl":{"start":{"line":109,"column":40},"end":{"line":109,"column":41}},"loc":{"start":{"line":109,"column":51},"end":{"line":111,"column":5}},"line":109},"7":{"name":"(anonymous_7)","decl":{"start":{"line":114,"column":41},"end":{"line":114,"column":42}},"loc":{"start":{"line":114,"column":52},"end":{"line":116,"column":5}},"line":114},"8":{"name":"(anonymous_8)","decl":{"start":{"line":118,"column":43},"end":{"line":118,"column":44}},"loc":{"start":{"line":118,"column":62},"end":{"line":129,"column":5}},"line":118},"9":{"name":"(anonymous_9)","decl":{"start":{"line":131,"column":42},"end":{"line":131,"column":43}},"loc":{"start":{"line":131,"column":53},"end":{"line":133,"column":5}},"line":131}},"branchMap":{"0":{"loc":{"start":{"line":100,"column":6},"end":{"line":106,"column":7}},"type":"if","locations":[{"start":{"line":100,"column":6},"end":{"line":106,"column":7}},{"start":{"line":104,"column":13},"end":{"line":106,"column":7}}],"line":100},"1":{"loc":{"start":{"line":121,"column":6},"end":{"line":128,"column":7}},"type":"if","locations":[{"start":{"line":121,"column":6},"end":{"line":128,"column":7}},{"start":{"line":125,"column":13},"end":{"line":128,"column":7}}],"line":121}},"s":{"0":1,"1":1,"2":1,"3":1,"4":1,"5":1,"6":1,"7":0,"8":1,"9":1,"10":1,"11":1,"12":1,"13":0,"14":1,"15":1,"16":1,"17":1,"18":1,"19":1,"20":2,"21":2,"22":1,"23":1,"24":1,"25":1,"26":1,"27":1,"28":1,"29":1,"30":1,"31":3,"32":3,"33":2,"34":2,"35":2,"36":1,"37":1,"38":1,"39":1,"40":1,"41":1},"f":{"0":1,"1":1,"2":1,"3":1,"4":1,"5":2,"6":1,"7":1,"8":3,"9":1},"b":{"0":[1,1],"1":[2,1]},"_coverageSchema":"1a1c01bbd47fc00a2c39e90264f33305004495a9","hash":"e866fbb1ffa3be8e4aa4a9efbd339ddfde89408b"}
}
