TN:
SF:src/components/BeerCard/index.tsx
FN:10,BeerCard
FN:13,handleShowBeer
FNF:2
FNH:2
FNDA:39,BeerCard
FNDA:1,handleShowBeer
DA:11,39
DA:14,1
DA:19,39
LF:3
LH:3
BRDA:28,0,0,18
BRDA:28,0,1,21
BRF:2
BRH:2
end_of_record
TN:
SF:src/components/EmptyList/index.tsx
FN:4,EmptyList
FNF:1
FNH:1
FNDA:2,EmptyList
DA:5,2
LF:1
LH:1
BRF:0
BRH:0
end_of_record
TN:
SF:src/components/ListBeers/index.tsx
FN:27,(anonymous_0)
FN:28,(anonymous_1)
FN:36,(anonymous_2)
FN:45,(anonymous_3)
FNF:4
FNH:4
FNDA:13,(anonymous_0)
FNDA:36,(anonymous_1)
FNDA:43,(anonymous_2)
FNDA:2,(anonymous_3)
DA:22,2
DA:27,2
DA:28,13
DA:29,36
DA:32,13
DA:36,43
DA:46,2
DA:47,1
DA:50,1
DA:62,2
LF:10
LH:10
BRDA:46,0,0,1
BRDA:46,0,1,1
BRDA:46,1,0,2
BRDA:46,1,1,1
BRDA:53,2,0,7
BRDA:53,2,1,6
BRDA:55,3,0,1
BRDA:55,3,1,12
BRDA:55,4,0,13
BRDA:55,4,1,12
BRF:10
BRH:10
end_of_record
TN:
SF:src/components/Loading/index.tsx
FN:3,Loading
FNF:1
FNH:1
FNDA:1,Loading
DA:4,1
LF:1
LH:1
BRF:0
BRH:0
end_of_record
TN:
SF:src/components/LoadingList/index.tsx
FN:3,LoadingList
FNF:1
FNH:1
FNDA:9,LoadingList
DA:4,9
LF:1
LH:1
BRF:0
BRH:0
end_of_record
TN:
SF:src/components/Section/index.tsx
FN:9,Section
FNF:1
FNH:1
FNDA:13,Section
DA:10,13
LF:1
LH:1
BRF:0
BRH:0
end_of_record
TN:
SF:src/screens/Beer/index.tsx
FN:14,Beer
FN:21,handleGoBack
FN:99,(anonymous_2)
FNF:3
FNH:3
FNDA:3,Beer
FNDA:1,handleGoBack
FNDA:9,(anonymous_2)
DA:15,3
DA:17,3
DA:19,3
DA:22,1
DA:25,3
LF:5
LH:5
BRDA:40,0,0,2
BRDA:40,0,1,1
BRDA:57,1,0,3
BRDA:57,1,1,3
BRDA:61,2,0,3
BRDA:61,2,1,3
BRDA:70,3,0,3
BRDA:70,3,1,3
BRDA:79,4,0,3
BRDA:79,4,1,3
BRDA:88,5,0,3
BRDA:88,5,1,3
BRF:12
BRH:12
end_of_record
TN:
SF:src/screens/Home/index.tsx
FN:24,Home
FN:32,(anonymous_1)
FN:33,(anonymous_2)
FN:34,(anonymous_3)
FN:35,(anonymous_4)
FN:37,(anonymous_5)
FN:41,scrollToTop
FN:45,handleBeerName
FN:56,handleSearchBeers
FN:91,(anonymous_9)
FN:96,(anonymous_10)
FN:108,(anonymous_11)
FNF:12
FNH:9
FNDA:6,Home
FNDA:11,(anonymous_1)
FNDA:10,(anonymous_2)
FNDA:11,(anonymous_3)
FNDA:11,(anonymous_4)
FNDA:3,(anonymous_5)
FNDA:0,scrollToTop
FNDA:2,handleBeerName
FNDA:1,handleSearchBeers
FNDA:0,(anonymous_9)
FNDA:1,(anonymous_10)
FNDA:0,(anonymous_11)
DA:25,6
DA:26,6
DA:28,6
DA:30,6
DA:32,11
DA:33,10
DA:34,11
DA:35,11
DA:37,6
DA:38,3
DA:42,0
DA:46,2
DA:48,2
DA:49,0
DA:50,0
DA:51,0
DA:52,0
DA:57,1
DA:59,1
DA:60,1
DA:63,1
DA:64,0
DA:67,1
DA:68,1
DA:71,6
DA:91,0
DA:96,1
DA:109,0
LF:28
LH:20
BRDA:48,0,0,0
BRDA:48,0,1,2
BRDA:56,1,0,0
BRDA:59,2,0,1
BRDA:59,2,1,0
BRDA:63,3,0,0
BRDA:63,3,1,1
BRDA:107,4,0,1
BRDA:107,4,1,5
BRDA:109,5,0,0
BRDA:109,5,1,0
BRF:11
BRH:5
end_of_record
TN:
SF:src/store/slices/brewery.ts
FN:44,(anonymous_0)
FN:61,(anonymous_1)
FN:84,(anonymous_2)
FN:90,(anonymous_3)
FN:92,(anonymous_4)
FN:96,(anonymous_5)
FN:108,(anonymous_6)
FN:113,(anonymous_7)
FN:117,(anonymous_8)
FN:130,(anonymous_9)
FNF:10
FNH:10
FNDA:5,(anonymous_0)
FNDA:3,(anonymous_1)
FNDA:2,(anonymous_2)
FNDA:2,(anonymous_3)
FNDA:4,(anonymous_4)
FNDA:2,(anonymous_5)
FNDA:1,(anonymous_6)
FNDA:2,(anonymous_7)
FNDA:3,(anonymous_8)
FNDA:1,(anonymous_9)
DA:6,3
DA:33,3
DA:42,3
DA:45,5
DA:47,5
DA:48,5
DA:52,1
DA:54,1
DA:59,3
DA:62,3
DA:64,3
DA:65,3
DA:73,1
DA:75,1
DA:80,3
DA:85,2
DA:86,2
DA:87,2
DA:92,2
DA:93,4
DA:96,2
DA:97,2
DA:99,2
DA:100,1
DA:101,1
DA:102,1
DA:104,1
DA:108,2
DA:109,1
DA:113,2
DA:114,2
DA:117,2
DA:118,3
DA:120,3
DA:121,2
DA:122,2
DA:123,2
DA:125,1
DA:126,1
DA:130,2
DA:131,1
DA:136,3
DA:138,3
LF:43
LH:43
BRDA:99,0,0,1
BRDA:99,0,1,1
BRDA:120,1,0,2
BRDA:120,1,1,1
BRF:4
BRH:4
end_of_record
TN:
SF:src/utils/customRender.tsx
FN:7,Providers
FN:15,(anonymous_1)
FNF:2
FNH:2
FNDA:3,Providers
FNDA:3,(anonymous_1)
DA:8,3
DA:15,1
DA:18,3
LF:3
LH:3
BRF:0
BRH:0
end_of_record
