TN:
SF:src/store/slices/brewery.ts
FN:46,(anonymous_0)
FN:63,(anonymous_1)
FN:86,(anonymous_2)
FN:91,(anonymous_3)
FN:93,(anonymous_4)
FN:97,(anonymous_5)
FN:109,(anonymous_6)
FN:114,(anonymous_7)
FN:118,(anonymous_8)
FN:131,(anonymous_9)
FNF:10
FNH:10
FNDA:1,(anonymous_0)
FNDA:1,(anonymous_1)
FNDA:1,(anonymous_2)
FNDA:1,(anonymous_3)
FNDA:1,(anonymous_4)
FNDA:2,(anonymous_5)
FNDA:1,(anonymous_6)
FNDA:1,(anonymous_7)
FNDA:3,(anonymous_8)
FNDA:1,(anonymous_9)
DA:6,1
DA:34,1
DA:44,1
DA:47,1
DA:49,1
DA:50,1
DA:54,1
DA:56,0
DA:61,1
DA:64,1
DA:66,1
DA:67,1
DA:75,1
DA:77,0
DA:82,1
DA:87,1
DA:88,1
DA:93,1
DA:94,1
DA:97,1
DA:98,2
DA:100,2
DA:101,1
DA:102,1
DA:103,1
DA:105,1
DA:109,1
DA:110,1
DA:114,1
DA:115,1
DA:118,1
DA:119,3
DA:121,3
DA:122,2
DA:123,2
DA:124,2
DA:126,1
DA:127,1
DA:131,1
DA:132,1
DA:137,1
DA:139,1
LF:42
LH:40
BRDA:100,0,0,1
BRDA:100,0,1,1
BRDA:121,1,0,2
BRDA:121,1,1,1
BRF:4
BRH:4
end_of_record
